mode: set
github.com/maldikhan/go.socket.io/socket.io/v5/parser/default/jsoniter/callback.go:9.93,10.30 1 1
github.com/maldikhan/go.socket.io/socket.io/v5/parser/default/jsoniter/callback.go:11.27,12.11 1 1
github.com/maldikhan/go.socket.io/socket.io/v5/parser/default/jsoniter/callback.go:15.2,17.41 3 1
github.com/maldikhan/go.socket.io/socket.io/v5/parser/default/jsoniter/callback.go:17.41,20.3 2 1
github.com/maldikhan/go.socket.io/socket.io/v5/parser/default/jsoniter/callback.go:22.2,24.29 3 1
github.com/maldikhan/go.socket.io/socket.io/v5/parser/default/jsoniter/callback.go:24.29,26.3 1 1
github.com/maldikhan/go.socket.io/socket.io/v5/parser/default/jsoniter/callback.go:28.2,28.32 1 1
github.com/maldikhan/go.socket.io/socket.io/v5/parser/default/jsoniter/callback.go:28.32,29.22 1 1
github.com/maldikhan/go.socket.io/socket.io/v5/parser/default/jsoniter/callback.go:29.22,32.4 2 1
github.com/maldikhan/go.socket.io/socket.io/v5/parser/default/jsoniter/callback.go:34.3,35.30 2 1
github.com/maldikhan/go.socket.io/socket.io/v5/parser/default/jsoniter/callback.go:35.30,37.11 2 1
github.com/maldikhan/go.socket.io/socket.io/v5/parser/default/jsoniter/callback.go:37.11,40.5 2 1
github.com/maldikhan/go.socket.io/socket.io/v5/parser/default/jsoniter/callback.go:42.4,43.75 2 1
github.com/maldikhan/go.socket.io/socket.io/v5/parser/default/jsoniter/callback.go:43.75,46.5 2 1
github.com/maldikhan/go.socket.io/socket.io/v5/parser/default/jsoniter/callback.go:47.4,47.46 1 1
github.com/maldikhan/go.socket.io/socket.io/v5/parser/default/jsoniter/callback.go:50.3,50.27 1 1
github.com/maldikhan/go.socket.io/socket.io/v5/parser/default/jsoniter/constructor.go:7.70,13.27 2 1
github.com/maldikhan/go.socket.io/socket.io/v5/parser/default/jsoniter/constructor.go:13.27,15.3 1 1
github.com/maldikhan/go.socket.io/socket.io/v5/parser/default/jsoniter/constructor.go:17.2,17.22 1 1
github.com/maldikhan/go.socket.io/socket.io/v5/parser/default/jsoniter/constructor.go:20.45,21.42 1 1
github.com/maldikhan/go.socket.io/socket.io/v5/parser/default/jsoniter/constructor.go:21.42,23.3 1 1
github.com/maldikhan/go.socket.io/socket.io/v5/parser/default/jsoniter/payloadparser.go:17.99,23.12 4 1
github.com/maldikhan/go.socket.io/socket.io/v5/parser/default/jsoniter/payloadparser.go:23.12,24.24 1 1
github.com/maldikhan/go.socket.io/socket.io/v5/parser/default/jsoniter/payloadparser.go:24.24,26.4 1 1
github.com/maldikhan/go.socket.io/socket.io/v5/parser/default/jsoniter/payloadparser.go:28.3,29.24 2 1
github.com/maldikhan/go.socket.io/socket.io/v5/parser/default/jsoniter/payloadparser.go:29.24,31.4 1 1
github.com/maldikhan/go.socket.io/socket.io/v5/parser/default/jsoniter/payloadparser.go:34.2,34.23 1 1
github.com/maldikhan/go.socket.io/socket.io/v5/parser/default/jsoniter/payloadparser.go:34.23,39.24 3 1
github.com/maldikhan/go.socket.io/socket.io/v5/parser/default/jsoniter/payloadparser.go:39.24,41.4 1 1
github.com/maldikhan/go.socket.io/socket.io/v5/parser/default/jsoniter/payloadparser.go:42.3,42.51 1 1
github.com/maldikhan/go.socket.io/socket.io/v5/parser/default/jsoniter/payloadparser.go:45.2,45.23 1 1
github.com/maldikhan/go.socket.io/socket.io/v5/parser/default/jsoniter/payloadparser.go:45.23,47.3 1 1
github.com/maldikhan/go.socket.io/socket.io/v5/parser/default/jsoniter/payloadparser.go:49.2,49.19 1 1
